{"session":"45ae571d405a","build":"182.3911.36","bucket":"-1","time":1534044104151,"group":{"id":"lifecycle","version":"2"},"event":{"count":1,"data":{},"id":"ideaapp.started"}}
{"session":"45ae571d405a","build":"182.3911.36","bucket":"-1","time":1534044104182,"group":{"id":"lifecycle","version":"2"},"event":{"count":1,"data":{},"id":"app.started"}}
{"session":"45ae571d405a","build":"182.3911.36","bucket":"-1","time":1534044108468,"group":{"id":"trigger","version":"2"},"event":{"count":1,"data":{},"id":"welcome.screen.WelcomeScreen.OpenProject"}}
{"session":"45ae571d405a","build":"182.3911.36","bucket":"-1","time":1534044116237,"group":{"id":"ui.dialogs","version":"2"},"event":{"count":1,"data":{"type":"show"},"id":"com.intellij.openapi.progress.util.ProgressDialog$MyDialogWrapper"}}
{"session":"45ae571d405a","build":"182.3911.36","bucket":"-1","time":1534044118105,"group":{"id":"lifecycle","version":"2"},"event":{"count":1,"data":{},"id":"project.opened"}}
{"session":"45ae571d405a","build":"182.3911.36","bucket":"-1","time":1534044120325,"group":{"id":"toolwindow","version":"2"},"event":{"count":1,"data":{},"id":"Event_Log_by_Activation"}}
{"session":"45ae571d405a","build":"182.3911.36","bucket":"-1","time":1534044121180,"group":{"id":"ui.dialogs","version":"2"},"event":{"count":1,"data":{"type":"show"},"id":"com.intellij.ide.util.TipDialog"}}
{"session":"45ae571d405a","build":"182.3911.36","bucket":"-1","time":1534044121675,"group":{"id":"ui.dialogs","version":"2"},"event":{"count":1,"data":{"code":1,"type":"close"},"id":"com.intellij.openapi.progress.util.ProgressDialog$MyDialogWrapper"}}
{"session":"45ae571d405a","build":"182.3911.36","bucket":"-1","time":1534044121825,"group":{"id":"lifecycle","version":"2"},"event":{"count":1,"data":{"time.ms":5993},"id":"project.opening.finished"}}
{"session":"45ae571d405a","build":"182.3911.36","bucket":"-1","time":1534044122840,"group":{"id":"ui.dialogs","version":"2"},"event":{"count":1,"data":{"code":1,"type":"close"},"id":"com.intellij.ide.util.TipDialog"}}
{"session":"45ae571d405a","build":"182.3911.36","bucket":"-1","time":1534044126478,"group":{"id":"actions","version":"2"},"event":{"count":2,"data":{},"id":"EditorTab"}}
{"session":"45ae571d405a","build":"182.3911.36","bucket":"-1","time":1534044127452,"group":{"id":"actions","version":"2"},"event":{"count":2,"data":{},"id":"EditorBackSpace"}}
{"session":"45ae571d405a","build":"182.3911.36","bucket":"-1","time":1534044128380,"group":{"id":"actions","version":"2"},"event":{"count":1,"data":{},"id":"EditorEnter"}}
{"session":"45ae571d405a","build":"182.3911.36","bucket":"-1","time":1534044130959,"group":{"id":"actions","version":"2"},"event":{"count":1,"data":{},"id":"EditorTab"}}
{"session":"45ae571d405a","build":"182.3911.36","bucket":"-1","time":1534044132961,"group":{"id":"actions","version":"2"},"event":{"count":21,"data":{},"id":"EditorBackSpace"}}
{"session":"45ae571d405a","build":"182.3911.36","bucket":"-1","time":1534044139484,"group":{"id":"actions","version":"2"},"event":{"count":1,"data":{},"id":"EditorTab"}}
{"session":"45ae571d405a","build":"182.3911.36","bucket":"-1","time":1534044140057,"group":{"id":"actions","version":"2"},"event":{"count":13,"data":{},"id":"EditorBackSpace"}}
{"session":"45ae571d405a","build":"182.3911.36","bucket":"-1","time":1534044180176,"group":{"id":"lifecycle","version":"2"},"event":{"count":1,"data":{},"id":"project.closed"}}
{"session":"45ae571d405a","build":"182.3911.36","bucket":"-1","time":1534044182047,"group":{"id":"lifecycle","version":"2"},"event":{"count":1,"data":{"restart":false},"id":"app.closed"}}
{"session":"45ae571d405a","build":"182.3911.36","bucket":"-1","time":1534044182994,"group":{"id":"lifecycle","version":"2"},"event":{"count":1,"data":{},"id":"ideaapp.closed"}}
